Log from 10/29 deadline: 
=============================================================== 
Checker passed. Start with 2.0 points.
================================
Error in output generation. Your program is wrong on a test case. Specifically, mismatch at line 0
In output file, ./lli76/HW2/my_output.txt, generated by your program, line is: -

In correct output file, line is: Invalid

Final score
2

=============================================================== 
Log from 11/10 deadline: 
=============================================================== 
Checker passed. Start with 2.0 points.
=================================
Queen input passes
Passed HW2-tests/queen-input.txt
Score is now 6.0
=============================================
Error in output generation. Your program is wrong on a test case. Specifically, mismatch at line 0
In output file, ../../student-repos-Nov12/lli76/HW2/my_output.txt, generated by your program, line is: K n

In correct output file, line is: K y


 There should be a test file (it's name is probably my_test.txt). That is the test case that failed.
Final score
6

=============================================================== 
New final score 
4.0
